<<<<<<< HEAD
13:40:22 **** Incremental Build of configuration Debug for project Sensor_HCSR04 ****
make -j8 all 
arm-none-eabi-gcc "../Core/Src/main.c" -mcpu=cortex-m3 -std=gnu11 -g3 -DDEBUG -DUSE_HAL_DRIVER -DSTM32F103xB -c -I../Core/Inc -I../Drivers/STM32F1xx_HAL_Driver/Inc -I../Drivers/STM32F1xx_HAL_Driver/Inc/Legacy -I../Drivers/CMSIS/Device/ST/STM32F1xx/Include -I../Drivers/CMSIS/Include -O0 -ffunction-sections -fdata-sections -Wall -fstack-usage -MMD -MP -MF"Core/Src/main.d" -MT"Core/Src/main.o" --specs=nano.specs -mfloat-abi=soft -mthumb -o "Core/Src/main.o"
../Core/Src/main.c: In function 'main':
../Core/Src/main.c:125:5: warning: implicit declaration of function 'sprintf' [-Wimplicit-function-declaration]
  125 |     sprintf(string,"%d    ", distance);
      |     ^~~~~~~
../Core/Src/main.c:125:5: warning: incompatible implicit declaration of built-in function 'sprintf'
../Core/Src/main.c:22:1: note: include '<stdio.h>' or provide a declaration of 'sprintf'
   21 | #include "main.h"
  +++ |+#include <stdio.h>
   22 | 
../Core/Src/main.c:126:5: warning: implicit declaration of function 'printf' [-Wimplicit-function-declaration]
  126 |     printf("Hello World\n\r");
      |     ^~~~~~
../Core/Src/main.c:126:5: warning: incompatible implicit declaration of built-in function 'printf'
../Core/Src/main.c:126:5: note: include '<stdio.h>' or provide a declaration of 'printf'
arm-none-eabi-gcc -o "Sensor_HCSR04.elf" @"objects.list"   -mcpu=cortex-m3 -T"C:\Users\Marcos\Documents\STM32 - WorkSpace\Sensor_HCSR04\STM32F103C8TX_FLASH.ld" --specs=nosys.specs -Wl,-Map="Sensor_HCSR04.map" -Wl,--gc-sections -static --specs=nano.specs -mfloat-abi=soft -mthumb -Wl,--start-group -lc -lm -Wl,--end-group
Finished building target: Sensor_HCSR04.elf
 
arm-none-eabi-objdump -h -S  Sensor_HCSR04.elf  > "Sensor_HCSR04.list"
arm-none-eabi-objcopy  -O binary  Sensor_HCSR04.elf  "Sensor_HCSR04.bin"
arm-none-eabi-size   Sensor_HCSR04.elf 
   text	   data	    bss	    dec	    hex	filename
  13784	    120	   1704	  15608	   3cf8	Sensor_HCSR04.elf
Finished building: default.size.stdout
 
Finished building: Sensor_HCSR04.bin
 
Finished building: Sensor_HCSR04.list
 
13:40:25 **** Incremental Build of configuration Debug for project Sensor_HCSR04 ****
make -j8 all 
arm-none-eabi-size   Sensor_HCSR04.elf 
   text	   data	    bss	    dec	    hex	filename
  13784	    120	   1704	  15608	   3cf8	Sensor_HCSR04.elf
=======
20:59:59 **** Incremental Build of configuration Debug for project HCSR04-test ****
make -j16 all 
arm-none-eabi-gcc "../Core/Src/main.c" -mcpu=cortex-m3 -std=gnu11 -g3 -DDEBUG -DUSE_HAL_DRIVER -DSTM32F103xB -c -I../Core/Inc -I../Drivers/STM32F1xx_HAL_Driver/Inc -I../Drivers/STM32F1xx_HAL_Driver/Inc/Legacy -I../Drivers/CMSIS/Device/ST/STM32F1xx/Include -I../Drivers/CMSIS/Include -O0 -ffunction-sections -fdata-sections -Wall -fstack-usage -MMD -MP -MF"Core/Src/main.d" -MT"Core/Src/main.o" --specs=nano.specs -mfloat-abi=soft -mthumb -o "Core/Src/main.o"
arm-none-eabi-gcc -o "HCSR04-test.elf" @"objects.list"   -mcpu=cortex-m3 -T"C:\Users\Marcos\Documents\TD3\work\WS_STM32\HCSR04-test\STM32F103C8TX_FLASH.ld" --specs=nosys.specs -Wl,-Map="HCSR04-test.map" -Wl,--gc-sections -static --specs=nano.specs -mfloat-abi=soft -mthumb -Wl,--start-group -lc -lm -Wl,--end-group
Finished building target: HCSR04-test.elf
 
arm-none-eabi-objdump -h -S  HCSR04-test.elf  > "HCSR04-test.list"
arm-none-eabi-objcopy  -O binary  HCSR04-test.elf  "HCSR04-test.bin"
arm-none-eabi-size   HCSR04-test.elf 
   text	   data	    bss	    dec	    hex	filename
   8632	     20	   1676	  10328	   2858	HCSR04-test.elf
Finished building: default.size.stdout
 
Finished building: HCSR04-test.bin
 
Finished building: HCSR04-test.list
 
21:00:04 **** Incremental Build of configuration Debug for project HCSR04-test ****
make -j16 all 
arm-none-eabi-size   HCSR04-test.elf 
   text	   data	    bss	    dec	    hex	filename
   8632	     20	   1676	  10328	   2858	HCSR04-test.elf
>>>>>>> c5ca7b34216796b98210253199ccb61b9a8c04c1
Finished building: default.size.stdout
 
